<?xml version="1.0" encoding="UTF-8"?>
<!-- Generated by org.testng.reporters.JUnitReportReporter -->
<testsuite skipped="0" hostname="DESKTOP-P6M28UG" name="TestScript.TestNGAnnotations" tests="1" failures="0" timestamp="18 Jan 2019 03:55:03 GMT" time="0.007" errors="0">
  <testcase name="Test" time="0.007" classname="TestScript.TestNGAnnotations"/>
</testsuite> <!-- TestScript.TestNGAnnotations -->
