<?xml version="1.0" encoding="UTF-8"?>
<!-- Generated by org.testng.reporters.JUnitReportReporter -->
<testsuite skipped="0" hostname="DESKTOP-P6M28UG" name="TestScript.LoadTest01" tests="1" failures="0" timestamp="18 Jan 2019 01:43:15 GMT" time="2.866" errors="0">
  <testcase name="f" time="2.866" classname="TestScript.LoadTest01"/>
</testsuite> <!-- TestScript.LoadTest01 -->
