<?xml version="1.0" encoding="UTF-8"?>
<!-- Generated by org.testng.reporters.JUnitReportReporter -->
<testsuite skipped="1" hostname="DESKTOP-P6M28UG" name="TestScript.PriorityOrderAnnotations" tests="7" failures="0" timestamp="18 Jan 2019 03:21:29 GMT" time="0.023" errors="0">
  <testcase name="B" time="0.010" classname="TestScript.PriorityOrderAnnotations"/>
  <testcase name="C" time="0.003" classname="TestScript.PriorityOrderAnnotations"/>
  <testcase name="D" time="0.002" classname="TestScript.PriorityOrderAnnotations"/>
  <testcase name="a" time="0.002" classname="TestScript.PriorityOrderAnnotations"/>
  <testcase name="A" time="0.002" classname="TestScript.PriorityOrderAnnotations"/>
  <testcase name="F" time="0.004" classname="TestScript.PriorityOrderAnnotations"/>
  <testcase name="E" classname="TestScript.PriorityOrderAnnotations">
    <skipped/>
  </testcase> <!-- E -->
</testsuite> <!-- TestScript.PriorityOrderAnnotations -->
